<?xml version="1.0" encoding="UTF-8"?>
<testsuites name="jest tests" tests="23" failures="0" errors="0" time="1.857">
  <testsuite name="Jest Config Builder" errors="0" failures="0" skipped="0" timestamp="2022-06-08T10:48:02" time="1.082" tests="23">
    <testcase classname="Jest Config Builder 指定 Project, 不应该生成 Coverage Path" name="Jest Config Builder 指定 Project, 不应该生成 Coverage Path" time="0.002">
    </testcase>
    <testcase classname="Jest Config Builder 不指定 Project, Coverage Path 应该能正确匹配到路径 packages/*/src 下非 __tests__ 下的 *.(ts|tsx) 应该能匹配到" name="Jest Config Builder 不指定 Project, Coverage Path 应该能正确匹配到路径 packages/*/src 下非 __tests__ 下的 *.(ts|tsx) 应该能匹配到" time="0.004">
    </testcase>
    <testcase classname="Jest Config Builder 不指定 Project, Coverage Path 应该能正确匹配到路径 packages/*/src 下非 __tests__ 下的 *.(spec|test).(ts|tsx) 不应该能匹配到" name="Jest Config Builder 不指定 Project, Coverage Path 应该能正确匹配到路径 packages/*/src 下非 __tests__ 下的 *.(spec|test).(ts|tsx) 不应该能匹配到" time="0.006">
    </testcase>
    <testcase classname="Jest Config Builder 不指定 Project, Coverage Path 应该能正确匹配到路径 packages/*/src 下的 __tests__ 下的所有文件不应该能匹配到" name="Jest Config Builder 不指定 Project, Coverage Path 应该能正确匹配到路径 packages/*/src 下的 __tests__ 下的所有文件不应该能匹配到" time="0.002">
    </testcase>
    <testcase classname="Jest Config Builder 不指定 Project, Coverage Path 应该能正确匹配到路径 packages/*/test 下的 *.(ts|tsx) 应该能匹配到" name="Jest Config Builder 不指定 Project, Coverage Path 应该能正确匹配到路径 packages/*/test 下的 *.(ts|tsx) 应该能匹配到" time="0.001">
    </testcase>
    <testcase classname="Jest Config Builder 不指定 Project, Coverage Path 应该能正确匹配到路径 packages/*/test 下的 *.(spec|test).(ts|tsx) 不应该能匹配到" name="Jest Config Builder 不指定 Project, Coverage Path 应该能正确匹配到路径 packages/*/test 下的 *.(spec|test).(ts|tsx) 不应该能匹配到" time="0.001">
    </testcase>
    <testcase classname="Jest Config Builder 不指定 Project, Coverage Path 应该能正确匹配到路径 packages/*/ 根目录下的 *.ts 不应该能匹配到" name="Jest Config Builder 不指定 Project, Coverage Path 应该能正确匹配到路径 packages/*/ 根目录下的 *.ts 不应该能匹配到" time="0.001">
    </testcase>
    <testcase classname="Jest Config Builder 指定 Project, Test Matcher 应该能正确匹配到路径 packages/*/src 下的 __tests__/*.(spec|test).(ts|tsx) 文件应该能匹配到" name="Jest Config Builder 指定 Project, Test Matcher 应该能正确匹配到路径 packages/*/src 下的 __tests__/*.(spec|test).(ts|tsx) 文件应该能匹配到" time="0.002">
    </testcase>
    <testcase classname="Jest Config Builder 指定 Project, Test Matcher 应该能正确匹配到路径 packages/*/src 下的 __tests__/*.(ts|tsx) 文件不应该能匹配到" name="Jest Config Builder 指定 Project, Test Matcher 应该能正确匹配到路径 packages/*/src 下的 __tests__/*.(ts|tsx) 文件不应该能匹配到" time="0.001">
    </testcase>
    <testcase classname="Jest Config Builder 指定 Project, Test Matcher 应该能正确匹配到路径 packages/*/src 下非 __tests__ 下的文件不应该能匹配到" name="Jest Config Builder 指定 Project, Test Matcher 应该能正确匹配到路径 packages/*/src 下非 __tests__ 下的文件不应该能匹配到" time="0.002">
    </testcase>
    <testcase classname="Jest Config Builder 指定 Project, Test Matcher 应该能正确匹配到路径 packages/*/test 下的 *.(spec|test).(ts|tsx) 文件应该能匹配到" name="Jest Config Builder 指定 Project, Test Matcher 应该能正确匹配到路径 packages/*/test 下的 *.(spec|test).(ts|tsx) 文件应该能匹配到" time="0.002">
    </testcase>
    <testcase classname="Jest Config Builder 指定 Project, Test Matcher 应该能正确匹配到路径 packages/*/test 下的 *.(ts|tsx) 文件不应该能匹配到" name="Jest Config Builder 指定 Project, Test Matcher 应该能正确匹配到路径 packages/*/test 下的 *.(ts|tsx) 文件不应该能匹配到" time="0.001">
    </testcase>
    <testcase classname="Jest Config Builder 指定 Project, Test Matcher 应该能正确匹配到路径 build.spec.ts 自己应该能匹配到" name="Jest Config Builder 指定 Project, Test Matcher 应该能正确匹配到路径 build.spec.ts 自己应该能匹配到" time="0.001">
    </testcase>
    <testcase classname="Jest Config Builder 指定 Project, Test Matcher 应该能正确匹配到路径 build.ts 不应该能匹配到" name="Jest Config Builder 指定 Project, Test Matcher 应该能正确匹配到路径 build.ts 不应该能匹配到" time="0.001">
    </testcase>
    <testcase classname="Jest Config Builder 指定 Project, Test Matcher 应该能正确匹配到路径 其它配置文件不应该能匹配到" name="Jest Config Builder 指定 Project, Test Matcher 应该能正确匹配到路径 其它配置文件不应该能匹配到" time="0.001">
    </testcase>
    <testcase classname="Jest Config Builder 不指定 Project, Test Matcher 应该能正确匹配到路径 packages/*/src 下的 __tests__/*.(spec|test).(ts|tsx) 文件应该能匹配到" name="Jest Config Builder 不指定 Project, Test Matcher 应该能正确匹配到路径 packages/*/src 下的 __tests__/*.(spec|test).(ts|tsx) 文件应该能匹配到" time="0.001">
    </testcase>
    <testcase classname="Jest Config Builder 不指定 Project, Test Matcher 应该能正确匹配到路径 packages/*/src 下的 __tests__/*.(ts|tsx) 文件不应该能匹配到" name="Jest Config Builder 不指定 Project, Test Matcher 应该能正确匹配到路径 packages/*/src 下的 __tests__/*.(ts|tsx) 文件不应该能匹配到" time="0.001">
    </testcase>
    <testcase classname="Jest Config Builder 不指定 Project, Test Matcher 应该能正确匹配到路径 packages/*/src 下非 __tests__ 下的文件不应该能匹配到" name="Jest Config Builder 不指定 Project, Test Matcher 应该能正确匹配到路径 packages/*/src 下非 __tests__ 下的文件不应该能匹配到" time="0.001">
    </testcase>
    <testcase classname="Jest Config Builder 不指定 Project, Test Matcher 应该能正确匹配到路径 packages/*/test 下的 *.(spec|test).(ts|tsx) 文件应该能匹配到" name="Jest Config Builder 不指定 Project, Test Matcher 应该能正确匹配到路径 packages/*/test 下的 *.(spec|test).(ts|tsx) 文件应该能匹配到" time="0.007">
    </testcase>
    <testcase classname="Jest Config Builder 不指定 Project, Test Matcher 应该能正确匹配到路径 packages/*/test 下的 *.(ts|tsx) 文件不应该能匹配到" name="Jest Config Builder 不指定 Project, Test Matcher 应该能正确匹配到路径 packages/*/test 下的 *.(ts|tsx) 文件不应该能匹配到" time="0">
    </testcase>
    <testcase classname="Jest Config Builder 不指定 Project, Test Matcher 应该能正确匹配到路径 build.spec.ts 自己应该能匹配到" name="Jest Config Builder 不指定 Project, Test Matcher 应该能正确匹配到路径 build.spec.ts 自己应该能匹配到" time="0">
    </testcase>
    <testcase classname="Jest Config Builder 不指定 Project, Test Matcher 应该能正确匹配到路径 build.ts 不应该能匹配到" name="Jest Config Builder 不指定 Project, Test Matcher 应该能正确匹配到路径 build.ts 不应该能匹配到" time="0.001">
    </testcase>
    <testcase classname="Jest Config Builder 不指定 Project, Test Matcher 应该能正确匹配到路径 其它配置文件不应该能匹配到" name="Jest Config Builder 不指定 Project, Test Matcher 应该能正确匹配到路径 其它配置文件不应该能匹配到" time="0.001">
    </testcase>
  </testsuite>
</testsuites>