<?xml version="1.0" encoding="UTF-8"?>
<testsuites name="jest tests" tests="2" failures="0" errors="0" time="2.85">
  <testsuite name="[index]" errors="0" failures="0" skipped="0" timestamp="2022-02-25T03:02:37" time="1.22" tests="1">
    <testcase classname="[index] given/arrange when/act then/assert" name="[index] given/arrange when/act then/assert" time="0.001">
    </testcase>
  </testsuite>
  <testsuite name="[index]" errors="0" failures="0" skipped="0" timestamp="2022-02-25T03:02:37" time="1.221" tests="1">
    <testcase classname="[index] given/arrange when/act then/assert" name="[index] given/arrange when/act then/assert" time="0.001">
    </testcase>
  </testsuite>
</testsuites>